<?xml version="1.0" encoding="UTF-8"?>
<!-- Generated by org.testng.reporters.JUnitReportReporter -->
<testsuite hostname="DESKTOP-SBTNFQP" failures="0" tests="3" name="com.app.TDD.demo.TestApplication" time="0.043" errors="0" timestamp="2023-10-12T12:58:30 IST" skipped="0">
  <testcase classname="com.app.TDD.demo.TestApplication" name="findapplicationEmptyInput" time="0.008"/>
  <system-out/>
  <testcase classname="com.app.TDD.demo.TestApplication" name="findapplicationInvalidInput" time="0.006"/>
  <system-out/>
  <testcase classname="com.app.TDD.demo.TestApplication" name="findapplication" time="0.029"/>
  <system-out/>
</testsuite> <!-- com.app.TDD.demo.TestApplication -->
